<?xml version="1.0" encoding="UTF-8"?>
<!-- Generated by org.testng.reporters.JUnitXMLReporter -->
<testsuite hostname="Salmas-MBP.attlocal.net" ignored="0" tests="3" failures="1" timestamp="11 Oct 2019 01:48:07 GMT" time="37.129" errors="0">
  <testcase name="checkOfferData" time="0.002" classname="ApprovalPageTest"/>
  <testcase name="testCheckRate" time="0.001" classname="ApprovalPageTest">
    <failure type="java.lang.NullPointerException">
      <![CDATA[java.lang.NullPointerException
at ApprovalPageTest.testCheckRate(ApprovalPageTest.java:26)
... Removed 35 stack frames]]>
    </failure>
  </testcase> <!-- testCheckRate -->
  <testcase name="testHomePageLoading" time="3.955" classname="HomePageTest"/>
</testsuite>
