<?xml version="1.0" encoding="UTF-8" ?>
<testsuite tests="3" failures="1" name="TestSuite" time="3.962" errors="0" skipped="0">
  <properties>
[...]
</properties>
  <testcase classname="ApprovalPageTest" name="checkOfferData" time="0.004"/>
  <testcase classname="ApprovalPageTest" name="testCheckRate" time="0.003">
    <failure type="java.lang.NullPointerException">java.lang.NullPointerException
	at ApprovalPageTest.testCheckRate(ApprovalPageTest.java:26)
</failure>
    <system-err>Starting ChromeDriver 76.0.3809.126 (d80a294506b4c9d18015e755cee48f953ddc3f2f-refs/branch-heads/3809@{#1024}) on port 16502
Only local connections are allowed.
Please protect ports used by ChromeDriver and related test frameworks to prevent access by malicious code.
[1570758465.447][WARNING]: This version of ChromeDriver has not been tested with Chrome version 77.
Oct 10, 2019 9:47:45 PM org.openqa.selenium.remote.ProtocolHandshake createSession
INFO: Detected dialect: W3C
Oct 10, 2019 9:47:51 PM org.openqa.selenium.remote.DesiredCapabilities firefox
INFO: Using `new FirefoxOptions()` is preferred to `DesiredCapabilities.firefox()`
</system-err>
  </testcase>
  <testcase classname="HomePageTest" name="testHomePageLoading" time="3.955"/>
</testsuite>