<?xml version="1.0" encoding="UTF-8"?>
<testng-results skipped="0" failed="1" ignored="0" total="3" passed="2">
  <reporter-output>
  </reporter-output>
  <suite name="Command line suite" duration-ms="37129" started-at="2019-10-11T01:47:30Z" finished-at="2019-10-11T01:48:07Z">
    <groups>
    </groups>
    <test name="Command line test" duration-ms="37129" started-at="2019-10-11T01:47:30Z" finished-at="2019-10-11T01:48:07Z">
      <class name="ApprovalPageTest">
        <test-method status="PASS" signature="setUp(boolean, java.lang.String, java.lang.String, java.lang.String, java.lang.String, java.lang.String)[pri:0, instance:ApprovalPageTest@35f983a6]" name="setUp" is-config="true" duration-ms="13637" started-at="2019-10-11T01:47:30Z" finished-at="2019-10-11T01:47:44Z">
          <params>
            <param index="0">
              <value>
                <![CDATA[false]]>
              </value>
            </param>
            <param index="1">
              <value>
                <![CDATA[false]]>
              </value>
            </param>
            <param index="2">
              <value>
                <![CDATA[10]]>
              </value>
            </param>
            <param index="3">
              <value>
                <![CDATA[firefox]]>
              </value>
            </param>
            <param index="4">
              <value>
                <![CDATA[34]]>
              </value>
            </param>
            <param index="5">
              <value>
                <![CDATA[https://www.credify.tech/phone/nonDMFunnel]]>
              </value>
            </param>
          </params>
          <reporter-output>
          </reporter-output>
        </test-method> <!-- setUp -->
        <test-method status="PASS" signature="initElements()[pri:0, instance:ApprovalPageTest@35f983a6]" name="initElements" is-config="true" duration-ms="0" started-at="2019-10-11T01:47:44Z" finished-at="2019-10-11T01:47:44Z">
          <reporter-output>
          </reporter-output>
        </test-method> <!-- initElements -->
        <test-method status="PASS" signature="checkOfferData()[pri:0, instance:ApprovalPageTest@35f983a6]" name="checkOfferData" duration-ms="2" started-at="2019-10-11T01:47:44Z" finished-at="2019-10-11T01:47:44Z">
          <reporter-output>
          </reporter-output>
        </test-method> <!-- checkOfferData -->
        <test-method status="PASS" signature="setUp(boolean, java.lang.String, java.lang.String, java.lang.String, java.lang.String, java.lang.String)[pri:0, instance:ApprovalPageTest@35f983a6]" name="setUp" is-config="true" duration-ms="9246" started-at="2019-10-11T01:47:44Z" finished-at="2019-10-11T01:47:53Z">
          <params>
            <param index="0">
              <value>
                <![CDATA[false]]>
              </value>
            </param>
            <param index="1">
              <value>
                <![CDATA[false]]>
              </value>
            </param>
            <param index="2">
              <value>
                <![CDATA[10]]>
              </value>
            </param>
            <param index="3">
              <value>
                <![CDATA[firefox]]>
              </value>
            </param>
            <param index="4">
              <value>
                <![CDATA[34]]>
              </value>
            </param>
            <param index="5">
              <value>
                <![CDATA[https://www.credify.tech/phone/nonDMFunnel]]>
              </value>
            </param>
          </params>
          <reporter-output>
          </reporter-output>
        </test-method> <!-- setUp -->
        <test-method status="PASS" signature="tearDown()[pri:0, instance:ApprovalPageTest@35f983a6]" name="tearDown" is-config="true" duration-ms="0" started-at="2019-10-11T01:47:44Z" finished-at="2019-10-11T01:47:44Z">
          <reporter-output>
          </reporter-output>
        </test-method> <!-- tearDown -->
        <test-method status="FAIL" signature="testCheckRate()[pri:0, instance:ApprovalPageTest@35f983a6]" name="testCheckRate" duration-ms="1" started-at="2019-10-11T01:47:53Z" finished-at="2019-10-11T01:47:53Z">
          <exception class="java.lang.NullPointerException">
            <full-stacktrace>
              <![CDATA[java.lang.NullPointerException
at ApprovalPageTest.testCheckRate(ApprovalPageTest.java:26)
at sun.reflect.NativeMethodAccessorImpl.invoke0(Native Method)
at sun.reflect.NativeMethodAccessorImpl.invoke(NativeMethodAccessorImpl.java:62)
at sun.reflect.DelegatingMethodAccessorImpl.invoke(DelegatingMethodAccessorImpl.java:43)
at java.lang.reflect.Method.invoke(Method.java:498)
at org.testng.internal.MethodInvocationHelper.invokeMethod(MethodInvocationHelper.java:124)
at org.testng.internal.Invoker.invokeMethod(Invoker.java:583)
at org.testng.internal.Invoker.invokeTestMethod(Invoker.java:719)
at org.testng.internal.Invoker.invokeTestMethods(Invoker.java:989)
at org.testng.internal.TestMethodWorker.invokeTestMethods(TestMethodWorker.java:125)
at org.testng.internal.TestMethodWorker.run(TestMethodWorker.java:109)
at org.testng.TestRunner.privateRun(TestRunner.java:648)
at org.testng.TestRunner.run(TestRunner.java:505)
at org.testng.SuiteRunner.runTest(SuiteRunner.java:455)
at org.testng.SuiteRunner.runSequentially(SuiteRunner.java:450)
at org.testng.SuiteRunner.privateRun(SuiteRunner.java:415)
at org.testng.SuiteRunner.run(SuiteRunner.java:364)
at org.testng.SuiteRunnerWorker.runSuite(SuiteRunnerWorker.java:52)
at org.testng.SuiteRunnerWorker.run(SuiteRunnerWorker.java:84)
at org.testng.TestNG.runSuitesSequentially(TestNG.java:1208)
at org.testng.TestNG.runSuitesLocally(TestNG.java:1137)
at org.testng.TestNG.runSuites(TestNG.java:1049)
at org.testng.TestNG.run(TestNG.java:1017)
at org.apache.maven.surefire.testng.TestNGExecutor.run(TestNGExecutor.java:77)
at org.apache.maven.surefire.testng.TestNGDirectoryTestSuite.executeMulti(TestNGDirectoryTestSuite.java:159)
at org.apache.maven.surefire.testng.TestNGDirectoryTestSuite.execute(TestNGDirectoryTestSuite.java:99)
at org.apache.maven.surefire.testng.TestNGProvider.invoke(TestNGProvider.java:106)
at sun.reflect.NativeMethodAccessorImpl.invoke0(Native Method)
at sun.reflect.NativeMethodAccessorImpl.invoke(NativeMethodAccessorImpl.java:62)
at sun.reflect.DelegatingMethodAccessorImpl.invoke(DelegatingMethodAccessorImpl.java:43)
at java.lang.reflect.Method.invoke(Method.java:498)
at org.apache.maven.surefire.util.ReflectionUtils.invokeMethodWithArray(ReflectionUtils.java:189)
at org.apache.maven.surefire.booter.ProviderFactory$ProviderProxy.invoke(ProviderFactory.java:165)
at org.apache.maven.surefire.booter.ProviderFactory.invokeProvider(ProviderFactory.java:85)
at org.apache.maven.surefire.booter.ForkedBooter.runSuitesInProcess(ForkedBooter.java:115)
at org.apache.maven.surefire.booter.ForkedBooter.main(ForkedBooter.java:75)
]]>
            </full-stacktrace>
          </exception> <!-- java.lang.NullPointerException -->
          <reporter-output>
          </reporter-output>
        </test-method> <!-- testCheckRate -->
        <test-method status="PASS" signature="initElements()[pri:0, instance:ApprovalPageTest@35f983a6]" name="initElements" is-config="true" duration-ms="0" started-at="2019-10-11T01:47:53Z" finished-at="2019-10-11T01:47:53Z">
          <reporter-output>
          </reporter-output>
        </test-method> <!-- initElements -->
        <test-method status="PASS" signature="tearDown()[pri:0, instance:ApprovalPageTest@35f983a6]" name="tearDown" is-config="true" duration-ms="1" started-at="2019-10-11T01:47:53Z" finished-at="2019-10-11T01:47:53Z">
          <reporter-output>
          </reporter-output>
        </test-method> <!-- tearDown -->
      </class> <!-- ApprovalPageTest -->
      <class name="HomePageTest">
        <test-method status="PASS" signature="setUp(boolean, java.lang.String, java.lang.String, java.lang.String, java.lang.String, java.lang.String)[pri:0, instance:HomePageTest@7f690630]" name="setUp" is-config="true" duration-ms="10220" started-at="2019-10-11T01:47:53Z" finished-at="2019-10-11T01:48:03Z">
          <params>
            <param index="0">
              <value>
                <![CDATA[false]]>
              </value>
            </param>
            <param index="1">
              <value>
                <![CDATA[false]]>
              </value>
            </param>
            <param index="2">
              <value>
                <![CDATA[10]]>
              </value>
            </param>
            <param index="3">
              <value>
                <![CDATA[firefox]]>
              </value>
            </param>
            <param index="4">
              <value>
                <![CDATA[34]]>
              </value>
            </param>
            <param index="5">
              <value>
                <![CDATA[https://www.credify.tech/phone/nonDMFunnel]]>
              </value>
            </param>
          </params>
          <reporter-output>
          </reporter-output>
        </test-method> <!-- setUp -->
        <test-method status="PASS" signature="initElements()[pri:0, instance:HomePageTest@7f690630]" name="initElements" is-config="true" duration-ms="41" started-at="2019-10-11T01:48:03Z" finished-at="2019-10-11T01:48:03Z">
          <reporter-output>
          </reporter-output>
        </test-method> <!-- initElements -->
        <test-method status="PASS" signature="testHomePageLoading()[pri:0, instance:HomePageTest@7f690630]" name="testHomePageLoading" duration-ms="3955" started-at="2019-10-11T01:48:03Z" finished-at="2019-10-11T01:48:07Z">
          <reporter-output>
          </reporter-output>
        </test-method> <!-- testHomePageLoading -->
        <test-method status="PASS" signature="tearDown()[pri:0, instance:HomePageTest@7f690630]" name="tearDown" is-config="true" duration-ms="1" started-at="2019-10-11T01:48:07Z" finished-at="2019-10-11T01:48:07Z">
          <reporter-output>
          </reporter-output>
        </test-method> <!-- tearDown -->
      </class> <!-- HomePageTest -->
    </test> <!-- Command line test -->
  </suite> <!-- Command line suite -->
</testng-results>
